<?xml version="1.0" encoding="UTF-8"?>
<!-- Generated by org.testng.reporters.JUnitReportReporter -->
<testsuite skipped="0" hostname="LAPTOP-F360GL2F" name="Day11TestNG.testNo3" tests="2" failures="0" timestamp="2022-05-29T13:27:41 IST" time="0.010" errors="0">
  <testcase name="testcase3" time="0.009" classname="Day11TestNG.testNo3"/>
  <system-out/>
  <testcase name="testno4" time="0.001" classname="Day11TestNG.testNo3"/>
  <system-out/>
</testsuite> <!-- Day11TestNG.testNo3 -->
