<?xml version="1.0" encoding="UTF-8"?>
<!-- Generated by org.testng.reporters.JUnitReportReporter -->
<testsuite skipped="0" hostname="LAPTOP-F360GL2F" name="Day11TestNG.Testno5" tests="3" failures="0" timestamp="2022-05-30T15:36:06 IST" time="46.019" errors="0">
  <testcase name="LoginLogoutActitimeApplication" time="17.697" classname="Day11TestNG.Testno5"/>
  <system-out/>
  <testcase name="loginPageValidationInActitimeApplication" time="12.355" classname="Day11TestNG.Testno5"/>
  <system-out/>
  <testcase name="LoginvalidationActitimeApplication" time="15.967" classname="Day11TestNG.Testno5"/>
  <system-out/>
</testsuite> <!-- Day11TestNG.Testno5 -->
