<?xml version="1.0" encoding="UTF-8"?>
<!-- Generated by org.testng.reporters.JUnitReportReporter -->
<testsuite skipped="0" hostname="LAPTOP-F360GL2F" name="Day11TestNG.Example_param2$Example_Param2" tests="3" failures="0" timestamp="2022-06-01T19:59:52 IST" time="0.015" errors="0">
  <testcase name="login" time="0.015" classname="Day11TestNG.Example_param2$Example_Param2"/>
  <system-out/>
  <testcase name="sendEmail" time="0.000" classname="Day11TestNG.Example_param2$Example_Param2"/>
  <system-out/>
  <testcase name="logout" time="0.000" classname="Day11TestNG.Example_param2$Example_Param2"/>
  <system-out/>
</testsuite> <!-- Day11TestNG.Example_param2$Example_Param2 -->
