<?xml version="1.0" encoding="UTF-8"?>
<!-- Generated by org.testng.reporters.JUnitReportReporter -->
<testsuite skipped="0" hostname="LAPTOP-F360GL2F" name="Day11TestNG.Example_param1" tests="4" failures="0" timestamp="2022-06-02T14:52:38 IST" time="0.013" errors="0">
  <testcase name="param1" time="0.009" classname="Day11TestNG.Example_param1"/>
  <system-out/>
  <testcase name="param1" time="0.001" classname="Day11TestNG.Example_param1"/>
  <system-out/>
  <testcase name="param1" time="0.002" classname="Day11TestNG.Example_param1"/>
  <system-out/>
  <testcase name="param1" time="0.001" classname="Day11TestNG.Example_param1"/>
  <system-out/>
</testsuite> <!-- Day11TestNG.Example_param1 -->
