<?xml version="1.0" encoding="UTF-8"?>
<!-- Generated by org.testng.reporters.JUnitReportReporter -->
<testsuite skipped="0" hostname="LAPTOP-F360GL2F" name="Day11TestNG.Testno4" tests="1" failures="0" timestamp="2022-05-30T14:49:25 IST" time="44.526" errors="0">
  <testcase name="LoginLogoutActitimeApplication" time="44.526" classname="Day11TestNG.Testno4"/>
  <system-out/>
</testsuite> <!-- Day11TestNG.Testno4 -->
